<?xml version="1.0" encoding="UTF-8"?>
<testng-results ignored="0" total="1" passed="1" failed="0" skipped="0">
  <reporter-output>
  </reporter-output>
  <suite started-at="2024-08-11T09:47:16 IST" name="Default suite" finished-at="2024-08-11T09:47:21 IST" duration-ms="4460">
    <groups>
    </groups>
    <test started-at="2024-08-11T09:47:16 IST" name="Default test" finished-at="2024-08-11T09:47:21 IST" duration-ms="4460">
      <class name="com.rest.testcases.AuthTests">
        <test-method signature="registerTest()[pri:0, instance:com.rest.testcases.AuthTests@72d1ad2e]" started-at="2024-08-11T09:47:16 IST" name="registerTest" finished-at="2024-08-11T09:47:21 IST" duration-ms="4352" status="PASS">
          <reporter-output>
          </reporter-output>
        </test-method> <!-- registerTest -->
      </class> <!-- com.rest.testcases.AuthTests -->
    </test> <!-- Default test -->
  </suite> <!-- Default suite -->
</testng-results>
