<?xml version="1.0" encoding="UTF-8"?>
<testng-results ignored="0" total="1" passed="1" failed="0" skipped="0">
  <reporter-output>
  </reporter-output>
  <suite started-at="2024-09-11T08:56:25 IST" name="Default suite" finished-at="2024-09-11T08:56:25 IST" duration-ms="147">
    <groups>
    </groups>
    <test started-at="2024-09-11T08:56:25 IST" name="Default test" finished-at="2024-09-11T08:56:25 IST" duration-ms="147">
      <class name="com.api.test.tests.LoginTest">
        <test-method is-config="true" signature="beforeSuite()[pri:0, instance:com.api.test.tests.LoginTest@65fb9ffc]" started-at="2024-09-11T08:56:25 IST" name="beforeSuite" finished-at="2024-09-11T08:56:25 IST" duration-ms="45" status="PASS">
          <reporter-output>
          </reporter-output>
        </test-method> <!-- beforeSuite -->
        <test-method is-config="true" signature="beforeTest()[pri:0, instance:com.api.test.tests.LoginTest@65fb9ffc]" started-at="2024-09-11T08:56:25 IST" name="beforeTest" finished-at="2024-09-11T08:56:25 IST" duration-ms="1" status="PASS">
          <reporter-output>
          </reporter-output>
        </test-method> <!-- beforeTest -->
        <test-method is-config="true" signature="beforeMethod()[pri:0, instance:com.api.test.tests.LoginTest@65fb9ffc]" started-at="2024-09-11T08:56:25 IST" name="beforeMethod" finished-at="2024-09-11T08:56:25 IST" duration-ms="2" status="PASS">
          <reporter-output>
          </reporter-output>
        </test-method> <!-- beforeMethod -->
        <test-method signature="generate_token_with_credentials()[pri:0, instance:com.api.test.tests.LoginTest@65fb9ffc]" started-at="2024-09-11T08:56:25 IST" name="generate_token_with_credentials" finished-at="2024-09-11T08:56:25 IST" duration-ms="27" status="PASS">
          <reporter-output>
          </reporter-output>
        </test-method> <!-- generate_token_with_credentials -->
        <test-method is-config="true" signature="afterMethod()[pri:0, instance:com.api.test.tests.LoginTest@65fb9ffc]" started-at="2024-09-11T08:56:25 IST" name="afterMethod" finished-at="2024-09-11T08:56:25 IST" duration-ms="1" status="PASS">
          <reporter-output>
          </reporter-output>
        </test-method> <!-- afterMethod -->
        <test-method is-config="true" signature="afterTest()[pri:0, instance:com.api.test.tests.LoginTest@65fb9ffc]" started-at="2024-09-11T08:56:25 IST" name="afterTest" finished-at="2024-09-11T08:56:25 IST" duration-ms="3" status="PASS">
          <reporter-output>
          </reporter-output>
        </test-method> <!-- afterTest -->
        <test-method is-config="true" signature="afterSuite()[pri:0, instance:com.api.test.tests.LoginTest@65fb9ffc]" started-at="2024-09-11T08:56:25 IST" name="afterSuite" finished-at="2024-09-11T08:56:25 IST" duration-ms="1" status="PASS">
          <reporter-output>
          </reporter-output>
        </test-method> <!-- afterSuite -->
      </class> <!-- com.api.test.tests.LoginTest -->
    </test> <!-- Default test -->
  </suite> <!-- Default suite -->
</testng-results>
